<?xml version="1.0" encoding="UTF-8"?>
<!-- Generated by org.testng.reporters.JUnitReportReporter -->
<testsuite hostname="Laptop-QuangDoan" failures="0" tests="2" name="quangdoan.tests.UiTest" time="42.927" errors="0" timestamp="2020-03-19T20:30:15 SGT" skipped="0">
  <testcase classname="quangdoan.tests.UiTest" name="testAddPhotoToCollection" time="22.549"/>
  <system-out/>
  <testcase classname="quangdoan.tests.UiTest" name="testInfo" time="20.378"/>
  <system-out/>
</testsuite> <!-- quangdoan.tests.UiTest -->
